生成启动时间为 2022/11/7 22:02:00。
     1>项目“E:\VC SRC\Algorithms\Algorithms\Algorithms.vcxproj”在节点 2 上(build 个目标)。
     1>InitializeBuildStatus:
         正在对“Release\Algorithms.unsuccessfulbuild”执行 Touch 任务。
       ClCompile:
         D:\Program Files (x86)\Microsoft Visual Studio 10.0\VC\bin\CL.exe /c /Zi /nologo /W3 /WX- /O2 /Oi /Oy- /GL /D _MBCS /Gm- /EHsc /MD /GS /Gy /fp:precise /Zc:wchar_t /Zc:forScope /Fo"Release\\" /Fd"Release\vc100.pdb" /Gd /TC /analyze- /errorReport:prompt homework1.c
         homework1.c
       Link:
         D:\Program Files (x86)\Microsoft Visual Studio 10.0\VC\bin\link.exe /ERRORREPORT:PROMPT /OUT:"E:\VC SRC\Algorithms\Release\Algorithms.exe" /NOLOGO kernel32.lib user32.lib gdi32.lib winspool.lib comdlg32.lib advapi32.lib shell32.lib ole32.lib oleaut32.lib uuid.lib odbc32.lib odbccp32.lib /MANIFEST /ManifestFile:"Release\Algorithms.exe.intermediate.manifest" /MANIFESTUAC:"level='asInvoker' uiAccess='false'" /DEBUG /PDB:"E:\VC SRC\Algorithms\Release\Algorithms.pdb" /SUBSYSTEM:CONSOLE /OPT:REF /OPT:ICF /LTCG /TLBID:1 /DYNAMICBASE /NXCOMPAT /IMPLIB:"E:\VC SRC\Algorithms\Release\Algorithms.lib" /MACHINE:X86 Release\a.obj
         Release\homework1.obj
         Release\homework2.obj
         正在生成代码
         已完成代码的生成
         Algorithms.vcxproj -> E:\VC SRC\Algorithms\Release\Algorithms.exe
       Manifest:
         C:\Program Files (x86)\Microsoft SDKs\Windows\v7.0A\bin\mt.exe /nologo /verbose /outputresource:"E:\VC SRC\Algorithms\Release\Algorithms.exe;#1" /manifest Release\Algorithms.exe.intermediate.manifest
       FinalizeBuildStatus:
         正在删除文件“Release\Algorithms.unsuccessfulbuild”。
         正在对“Release\Algorithms.lastbuildstate”执行 Touch 任务。
     1>已完成生成项目“E:\VC SRC\Algorithms\Algorithms\Algorithms.vcxproj”(build 个目标)的操作。

生成成功。

已用时间 00:00:01.01
